2015-06-24 00:04:16,348:DEBUG:Logger setup successful.
2015-06-24 00:04:16,349:DEBUG:Initializing working directory and other environment varaibles.
2015-06-24 00:04:16,349:ERROR: Cant go to time before  21/6/2015 . 
Breaks my <3logic<3 to say this Princess. 
Sorry ! 
2015-06-24 00:04:16,349:ERROR:Invalid query request. Sending a slap on the wrist !
2015-06-24 00:04:16,349:DEBUG:Sending email to user.
2015-06-24 00:04:17,490:DEBUG:Failed to send mail !!
2015-06-24 00:04:17,490:DEBUG:Done sending email.
2015-06-24 00:04:17,491:DEBUG:Queen Bee Email Address saved. Value :whenisirmavisiting@gmail.com
2015-06-24 00:04:17,491:DEBUG:Done with setup().
2015-06-24 00:04:17,491:DEBUG:Email Scanner flag ENABLED. 
2015-06-24 00:04:17,491:DEBUG:Starting program.
2015-06-24 00:04:17,491:DEBUG:Iteration #0
2015-06-24 00:04:17,491:DEBUG:Fetching messages from gmail inbox.
2015-06-24 00:04:17,780:DEBUG:Logging in.
2015-06-24 00:04:20,235:DEBUG:Mail downloaded, seperating unseen messages.
2015-06-24 00:04:20,602:DEBUG:New Unseen messages detected.
2015-06-24 00:04:20,602:DEBUG:Saving one email with following credentials.
2015-06-24 00:04:21,231:DEBUG:From: itsabug itsnotafeature <itsabugitsnotafeature@gmail.com>
2015-06-24 00:04:21,232:DEBUG:Queen Bee Email Address saved. Value :itsabugitsnotafeature@gmail.com
2015-06-24 00:04:21,232:DEBUG:Subject: Test riddle one
2015-06-24 00:04:21,232:DEBUG:Saving email message.
2015-06-24 00:04:21,234:DEBUG:Incrementing global email counter
2015-06-24 00:04:21,234:DEBUG:New Value:1
2015-06-24 00:04:21,234:DEBUG:Email saved.
2015-06-24 00:04:21,234:DEBUG:Looking for attachments.
2015-06-24 00:04:21,234:DEBUG:No attachments found.
2015-06-24 00:04:21,234:DEBUG:Saving body content.
2015-06-24 00:04:21,235:DEBUG: ++ Trigger for Service activation received successfully. ++ 
2015-06-24 00:04:21,236:DEBUG:Extracted Month : July
2015-06-24 00:04:21,236:DEBUG:Successfylly set query MONTH to Integer Value :7
2015-06-24 00:04:21,236:DEBUG:Extracted Year : 2015
2015-06-24 00:04:21,237:DEBUG:Successfylly set query YEAR to Integer Value :2015
2015-06-24 00:04:21,237:DEBUG:Service trigger flag ENABLED. 
2015-06-24 00:04:21,237:DEBUG:No attachments found.
2015-06-24 00:04:21,237:DEBUG:No attachments found.
2015-06-24 00:04:21,237:DEBUG:Done saving message !
2015-06-24 00:04:21,237:DEBUG:Sending email to user.
2015-06-24 00:04:23,907:DEBUG:Successfully sent the mail.
2015-06-24 00:04:23,907:DEBUG:Done sending email.
2015-06-24 00:04:23,907:DEBUG:Request found to be Valid. 
Good Girl !
2015-06-24 00:04:23,907:INFO:Total delta calculated [Year 2015]: 26
2015-06-24 00:04:23,907:DEBUG:Starting Service!
2015-06-24 00:04:23,907:DEBUG:Days since first flow : 26
2015-06-24 00:04:23,907:INFO:getURL Value: http://www.timeanddate.com/date/dateadded.html?m1=6&d1=21&y1=2015&type=add&ay=&am=&aw=&ad=26
2015-06-24 00:04:23,907:INFO:getNextUrl Value: http://www.timeanddate.com/date/dateadded.html?m1=6&d1=21&y1=2015&type=add&ay=&am=&aw=&ad=52
2015-06-24 00:04:24,008:INFO:Starting new HTTP connection (1): www.timeanddate.com
2015-06-24 00:04:24,578:DEBUG:"GET /date/dateadded.html?m1=6&d1=21&y1=2015&type=add&ay=&am=&aw=&ad=26 HTTP/1.1" 200 5150
2015-06-24 00:04:24,582:INFO:Starting new HTTP connection (1): www.timeanddate.com
2015-06-24 00:04:24,753:DEBUG:"GET /date/dateadded.html?m1=6&d1=21&y1=2015&type=add&ay=&am=&aw=&ad=52 HTTP/1.1" 200 5156
2015-06-24 00:04:24,755:DEBUG:ValidateResult: Correct result obtained
2015-06-24 00:04:24,755:INFO:Returning Result : Bae, 

I'll pay you a visit day after Friday, July 17 2015. 
2015-06-24 00:04:24,758:INFO:Starting new HTTP connection (1): www.wisdomofchopra.com
2015-06-24 00:04:25,114:DEBUG:"GET /iframe.php HTTP/1.1" 200 1692
2015-06-24 00:04:25,115:DEBUG:Wisdom Fetched : Perception differentiates into spontaneous bliss
2015-06-24 00:04:25,116:DEBUG:
 Python : Done executing Service, replying back with report.
2015-06-24 00:04:25,116:DEBUG:Sending email to user.
2015-06-24 00:04:28,431:DEBUG:Successfully sent the mail.
2015-06-24 00:04:28,432:DEBUG:Done sending email.
2015-06-24 00:04:28,432:DEBUG:Service trigger flag Disabled. 
2015-06-24 00:04:28,432:DEBUG:Iteration complete. Hibernate for 10 seconds.
2015-06-24 00:04:38,428:DEBUG:Starting program.
2015-06-24 00:04:38,428:DEBUG:Iteration #1
2015-06-24 00:04:38,428:DEBUG:Fetching messages from gmail inbox.
2015-06-24 00:04:38,790:DEBUG:Logging in.
2015-06-24 00:04:41,056:DEBUG:Mail downloaded, seperating unseen messages.
2015-06-24 00:04:41,406:DEBUG:* No New Messages : Returning to caller ! *
2015-06-24 00:04:41,406:DEBUG:No trigger received thus far.
2015-06-24 00:04:41,406:DEBUG:Iteration complete. Hibernate for 10 seconds.
2015-06-24 00:04:51,402:DEBUG:Starting program.
2015-06-24 00:04:51,403:DEBUG:Iteration #2
2015-06-24 00:04:51,403:DEBUG:Fetching messages from gmail inbox.
2015-06-24 00:04:51,693:DEBUG:Logging in.
2015-06-24 00:04:54,066:DEBUG:Mail downloaded, seperating unseen messages.
2015-06-24 00:04:54,424:DEBUG:New Unseen messages detected.
2015-06-24 00:04:54,424:DEBUG:Saving one email with following credentials.
2015-06-24 00:04:54,942:DEBUG:From: itsabug itsnotafeature <itsabugitsnotafeature@gmail.com>
2015-06-24 00:04:54,943:DEBUG:Queen Bee Email Address saved. Value :itsabugitsnotafeature@gmail.com
2015-06-24 00:04:54,943:DEBUG:Subject: riddle 2015
2015-06-24 00:04:54,943:DEBUG:Saving email message.
2015-06-24 00:04:54,945:DEBUG:Incrementing global email counter
2015-06-24 00:04:54,945:DEBUG:New Value:2
2015-06-24 00:04:54,945:DEBUG:Email saved.
2015-06-24 00:04:54,945:DEBUG:Looking for attachments.
2015-06-24 00:04:54,945:DEBUG:Saving body content.
2015-06-24 00:04:54,945:DEBUG: ++ Trigger for Service activation received successfully. ++ 
2015-06-24 00:04:54,948:DEBUG:Extracted Month : January
2015-06-24 00:04:54,948:DEBUG:Successfylly set query MONTH to Integer Value :1
2015-06-24 00:04:54,948:DEBUG:Extracted Year : 2015
2015-06-24 00:04:54,949:DEBUG:Successfylly set query YEAR to Integer Value :2015
2015-06-24 00:04:54,949:DEBUG:Service trigger flag ENABLED. 
2015-06-24 00:04:54,949:DEBUG:No attachments found.
2015-06-24 00:04:54,949:DEBUG:Done saving message !
2015-06-24 00:04:54,949:DEBUG:Sending email to user.
2015-06-24 00:04:58,168:DEBUG:Successfully sent the mail.
2015-06-24 00:04:58,168:DEBUG:Done sending email.
2015-06-24 00:04:58,168:ERROR: Cant go to time before  21/6/2015 . 
Breaks my <3logic<3 to say this Princess. 
Sorry ! 
2015-06-24 00:04:58,168:ERROR:Invalid query request. Sending a slap on the wrist !
2015-06-24 00:04:58,168:DEBUG:Sending email to user.
2015-06-24 00:05:02,199:DEBUG:Successfully sent the mail.
2015-06-24 00:05:02,199:DEBUG:Done sending email.
2015-06-24 00:05:02,199:DEBUG:Invalid request caught. Returning to main().
2015-06-24 00:05:02,200:DEBUG:Service trigger flag Disabled. 
2015-06-24 00:05:02,200:DEBUG:Iteration complete. Hibernate for 10 seconds.
2015-06-24 00:05:12,196:DEBUG:Starting program.
2015-06-24 00:05:12,196:DEBUG:Iteration #3
2015-06-24 00:05:12,197:DEBUG:Fetching messages from gmail inbox.
2015-06-24 00:05:12,494:DEBUG:Logging in.
2015-06-24 00:05:14,890:DEBUG:Mail downloaded, seperating unseen messages.
2015-06-24 00:05:15,248:DEBUG:* No New Messages : Returning to caller ! *
2015-06-24 00:05:15,248:DEBUG:No trigger received thus far.
2015-06-24 00:05:15,249:DEBUG:Iteration complete. Hibernate for 10 seconds.
2015-06-24 00:05:25,245:DEBUG:Starting program.
2015-06-24 00:05:25,245:DEBUG:Iteration #4
2015-06-24 00:05:25,245:DEBUG:Fetching messages from gmail inbox.
2015-06-24 00:05:25,535:DEBUG:Logging in.
2015-06-24 00:05:27,921:DEBUG:Mail downloaded, seperating unseen messages.
2015-06-24 00:05:28,281:DEBUG:* No New Messages : Returning to caller ! *
2015-06-24 00:05:28,281:DEBUG:No trigger received thus far.
2015-06-24 00:05:28,281:DEBUG:Iteration complete. Hibernate for 10 seconds.
2015-06-24 00:05:38,276:DEBUG:Starting program.
2015-06-24 00:05:38,277:DEBUG:Iteration #5
2015-06-24 00:05:38,277:DEBUG:Fetching messages from gmail inbox.
2015-06-24 00:05:38,565:DEBUG:Logging in.
2015-06-24 00:05:39,809:DEBUG:Mail downloaded, seperating unseen messages.
2015-06-24 00:05:40,051:DEBUG:* No New Messages : Returning to caller ! *
2015-06-24 00:05:40,054:DEBUG:No trigger received thus far.
2015-06-24 00:05:40,055:DEBUG:Iteration complete. Hibernate for 10 seconds.
