2015-06-17 23:56:59,885:DEBUG:Logger setup successful.
2015-06-17 23:56:59,886:DEBUG:Initializing working directory and other environment varaibles.
2015-06-17 23:56:59,886:DEBUG:Done with setup().
2015-06-17 23:56:59,886:DEBUG:Request found to be Valid. Good Boy !
2015-06-17 23:56:59,886:DEBUG:Email Scanner flag ENABLED. 
2015-06-17 23:56:59,886:DEBUG:Starting Service!
2015-06-17 23:56:59,886:DEBUG:Starting Service.
2015-06-17 23:56:59,886:INFO:getURL Value: http://www.timeanddate.com/date/dateadded.html?m1=5&d1=28&y1=2015&type=add&ay=&am=&aw=&ad=3822
2015-06-17 23:56:59,887:INFO:getNextUrl Value: http://www.timeanddate.com/date/dateadded.html?m1=5&d1=28&y1=2015&type=add&ay=&am=&aw=&ad=3848
2015-06-17 23:57:00,379:INFO:Starting new HTTP connection (1): www.timeanddate.com
2015-06-17 23:57:00,549:DEBUG:"GET /date/dateadded.html?m1=5&d1=28&y1=2015&type=add&ay=&am=&aw=&ad=3822 HTTP/1.1" 200 5164
2015-06-17 23:57:00,555:INFO:Starting new HTTP connection (1): www.timeanddate.com
2015-06-17 23:57:00,724:DEBUG:"GET /date/dateadded.html?m1=5&d1=28&y1=2015&type=add&ay=&am=&aw=&ad=3848 HTTP/1.1" 200 5165
2015-06-17 23:57:00,726:DEBUG:
 ***** ValidateResult: Error correcting results. ***** 
2015-06-17 23:57:00,726:DEBUG:ValidateResult: Result for revised daysSinceFirstFlow [3822] is =>Aunt Erma visiting day AFTER : Thursday, November 13 2027
2015-06-17 23:57:00,726:INFO:getURL Value: http://www.timeanddate.com/date/dateadded.html?m1=5&d1=28&y1=2015&type=add&ay=&am=&aw=&ad=3848
2015-06-17 23:57:00,726:INFO:getNextUrl Value: http://www.timeanddate.com/date/dateadded.html?m1=5&d1=28&y1=2015&type=add&ay=&am=&aw=&ad=3874
2015-06-17 23:57:00,728:INFO:Starting new HTTP connection (1): www.timeanddate.com
2015-06-17 23:57:00,897:DEBUG:"GET /date/dateadded.html?m1=5&d1=28&y1=2015&type=add&ay=&am=&aw=&ad=3848 HTTP/1.1" 200 5165
2015-06-17 23:57:00,900:INFO:Starting new HTTP connection (1): www.timeanddate.com
2015-06-17 23:57:01,068:DEBUG:"GET /date/dateadded.html?m1=5&d1=28&y1=2015&type=add&ay=&am=&aw=&ad=3874 HTTP/1.1" 200 5166
2015-06-17 23:57:01,070:DEBUG:
 ***** ValidateResult: Error correcting results. ***** 
2015-06-17 23:57:01,070:DEBUG:ValidateResult: Result for revised daysSinceFirstFlow [3848] is =>Aunt Erma visiting day AFTER : Tuesday, December 9 2027
2015-06-17 23:57:01,070:INFO:getURL Value: http://www.timeanddate.com/date/dateadded.html?m1=5&d1=28&y1=2015&type=add&ay=&am=&aw=&ad=3874
2015-06-17 23:57:01,070:INFO:getNextUrl Value: http://www.timeanddate.com/date/dateadded.html?m1=5&d1=28&y1=2015&type=add&ay=&am=&aw=&ad=3900
2015-06-17 23:57:01,072:INFO:Starting new HTTP connection (1): www.timeanddate.com
2015-06-17 23:57:01,241:DEBUG:"GET /date/dateadded.html?m1=5&d1=28&y1=2015&type=add&ay=&am=&aw=&ad=3874 HTTP/1.1" 200 5166
2015-06-17 23:57:01,247:INFO:Starting new HTTP connection (1): www.timeanddate.com
2015-06-17 23:57:01,424:DEBUG:"GET /date/dateadded.html?m1=5&d1=28&y1=2015&type=add&ay=&am=&aw=&ad=3900 HTTP/1.1" 200 5168
2015-06-17 23:57:01,425:DEBUG:
 ***** ValidateResult: Error correcting results. ***** 
2015-06-17 23:57:01,425:DEBUG:ValidateResult: Result for revised daysSinceFirstFlow [3874] is =>
First visit is day AFTER : Sunday, January 4 2027
Second visit is day AFTER : Friday, January 30 2027
2015-06-17 23:57:01,425:INFO:getURL Value: http://www.timeanddate.com/date/dateadded.html?m1=5&d1=28&y1=2015&type=add&ay=&am=&aw=&ad=3900
2015-06-17 23:57:01,425:INFO:getNextUrl Value: http://www.timeanddate.com/date/dateadded.html?m1=5&d1=28&y1=2015&type=add&ay=&am=&aw=&ad=3926
2015-06-17 23:57:01,428:INFO:Starting new HTTP connection (1): www.timeanddate.com
2015-06-17 23:57:01,595:DEBUG:"GET /date/dateadded.html?m1=5&d1=28&y1=2015&type=add&ay=&am=&aw=&ad=3900 HTTP/1.1" 200 5168
2015-06-17 23:57:01,599:INFO:Starting new HTTP connection (1): www.timeanddate.com
2015-06-17 23:57:01,767:DEBUG:"GET /date/dateadded.html?m1=5&d1=28&y1=2015&type=add&ay=&am=&aw=&ad=3926 HTTP/1.1" 200 5169
2015-06-17 23:57:01,769:DEBUG:
 ***** ValidateResult: Error correcting results. ***** 
2015-06-17 23:57:01,769:DEBUG:ValidateResult: Result for revised daysSinceFirstFlow [3900] is =>Aunt Erma visiting day AFTER : Friday, January 30 2027
2015-06-17 23:57:01,769:INFO:getURL Value: http://www.timeanddate.com/date/dateadded.html?m1=5&d1=28&y1=2015&type=add&ay=&am=&aw=&ad=3926
2015-06-17 23:57:01,769:INFO:getNextUrl Value: http://www.timeanddate.com/date/dateadded.html?m1=5&d1=28&y1=2015&type=add&ay=&am=&aw=&ad=3952
2015-06-17 23:57:01,771:INFO:Starting new HTTP connection (1): www.timeanddate.com
2015-06-17 23:57:01,940:DEBUG:"GET /date/dateadded.html?m1=5&d1=28&y1=2015&type=add&ay=&am=&aw=&ad=3926 HTTP/1.1" 200 5169
2015-06-17 23:57:01,944:INFO:Starting new HTTP connection (1): www.timeanddate.com
2015-06-17 23:57:02,111:DEBUG:"GET /date/dateadded.html?m1=5&d1=28&y1=2015&type=add&ay=&am=&aw=&ad=3952 HTTP/1.1" 200 5163
2015-06-17 23:57:02,114:DEBUG:
 ***** ValidateResult: Error correcting results. ***** 
2015-06-17 23:57:02,114:DEBUG:ValidateResult: Result for revised daysSinceFirstFlow [3926] is =>Aunt Erma visiting day AFTER : Wednesday, February 25 2027
2015-06-17 23:57:02,114:INFO:getURL Value: http://www.timeanddate.com/date/dateadded.html?m1=5&d1=28&y1=2015&type=add&ay=&am=&aw=&ad=3952
2015-06-17 23:57:02,114:INFO:getNextUrl Value: http://www.timeanddate.com/date/dateadded.html?m1=5&d1=28&y1=2015&type=add&ay=&am=&aw=&ad=3978
2015-06-17 23:57:02,117:INFO:Starting new HTTP connection (1): www.timeanddate.com
2015-06-17 23:57:02,284:DEBUG:"GET /date/dateadded.html?m1=5&d1=28&y1=2015&type=add&ay=&am=&aw=&ad=3952 HTTP/1.1" 200 5163
2015-06-17 23:57:02,288:INFO:Starting new HTTP connection (1): www.timeanddate.com
2015-06-17 23:57:02,457:DEBUG:"GET /date/dateadded.html?m1=5&d1=28&y1=2015&type=add&ay=&am=&aw=&ad=3978 HTTP/1.1" 200 5167
2015-06-17 23:57:02,459:DEBUG:
 ***** ValidateResult: Error correcting results. ***** 
2015-06-17 23:57:02,459:DEBUG:ValidateResult: Result for revised daysSinceFirstFlow [3952] is =>Aunt Erma visiting day AFTER : Monday, March 23 2027
2015-06-17 23:57:02,459:INFO:getURL Value: http://www.timeanddate.com/date/dateadded.html?m1=5&d1=28&y1=2015&type=add&ay=&am=&aw=&ad=3978
2015-06-17 23:57:02,459:INFO:getNextUrl Value: http://www.timeanddate.com/date/dateadded.html?m1=5&d1=28&y1=2015&type=add&ay=&am=&aw=&ad=4004
2015-06-17 23:57:02,461:INFO:Starting new HTTP connection (1): www.timeanddate.com
2015-06-17 23:57:02,629:DEBUG:"GET /date/dateadded.html?m1=5&d1=28&y1=2015&type=add&ay=&am=&aw=&ad=3978 HTTP/1.1" 200 5167
2015-06-17 23:57:02,633:INFO:Starting new HTTP connection (1): www.timeanddate.com
2015-06-17 23:57:02,802:DEBUG:"GET /date/dateadded.html?m1=5&d1=28&y1=2015&type=add&ay=&am=&aw=&ad=4004 HTTP/1.1" 200 5157
2015-06-17 23:57:02,804:DEBUG:
 ***** ValidateResult: Error correcting results. ***** 
2015-06-17 23:57:02,804:DEBUG:ValidateResult: Result for revised daysSinceFirstFlow [3978] is =>Aunt Erma visiting day AFTER : Saturday, April 18 2027
2015-06-17 23:57:02,804:INFO:getURL Value: http://www.timeanddate.com/date/dateadded.html?m1=5&d1=28&y1=2015&type=add&ay=&am=&aw=&ad=4004
2015-06-17 23:57:02,804:INFO:getNextUrl Value: http://www.timeanddate.com/date/dateadded.html?m1=5&d1=28&y1=2015&type=add&ay=&am=&aw=&ad=4030
2015-06-17 23:57:02,806:INFO:Starting new HTTP connection (1): www.timeanddate.com
2015-06-17 23:57:02,973:DEBUG:"GET /date/dateadded.html?m1=5&d1=28&y1=2015&type=add&ay=&am=&aw=&ad=4004 HTTP/1.1" 200 5157
2015-06-17 23:57:02,977:INFO:Starting new HTTP connection (1): www.timeanddate.com
2015-06-17 23:57:03,145:DEBUG:"GET /date/dateadded.html?m1=5&d1=28&y1=2015&type=add&ay=&am=&aw=&ad=4030 HTTP/1.1" 200 5165
2015-06-17 23:57:03,147:DEBUG:
 ***** ValidateResult: Error correcting results. ***** 
2015-06-17 23:57:03,147:DEBUG:ValidateResult: Result for revised daysSinceFirstFlow [4004] is =>Aunt Erma visiting day AFTER : Thursday, May 14 2027
2015-06-17 23:57:03,147:INFO:getURL Value: http://www.timeanddate.com/date/dateadded.html?m1=5&d1=28&y1=2015&type=add&ay=&am=&aw=&ad=4030
2015-06-17 23:57:03,147:INFO:getNextUrl Value: http://www.timeanddate.com/date/dateadded.html?m1=5&d1=28&y1=2015&type=add&ay=&am=&aw=&ad=4056
2015-06-17 23:57:03,149:INFO:Starting new HTTP connection (1): www.timeanddate.com
2015-06-17 23:57:03,318:DEBUG:"GET /date/dateadded.html?m1=5&d1=28&y1=2015&type=add&ay=&am=&aw=&ad=4030 HTTP/1.1" 200 5165
2015-06-17 23:57:03,322:INFO:Starting new HTTP connection (1): www.timeanddate.com
2015-06-17 23:57:03,491:DEBUG:"GET /date/dateadded.html?m1=5&d1=28&y1=2015&type=add&ay=&am=&aw=&ad=4056 HTTP/1.1" 200 5164
2015-06-17 23:57:03,493:DEBUG:
 ***** ValidateResult: Error correcting results. ***** 
2015-06-17 23:57:03,493:DEBUG:ValidateResult: Result for revised daysSinceFirstFlow [4030] is =>Aunt Erma visiting day AFTER : Tuesday, June 9 2027
2015-06-17 23:57:03,493:INFO:getURL Value: http://www.timeanddate.com/date/dateadded.html?m1=5&d1=28&y1=2015&type=add&ay=&am=&aw=&ad=4056
2015-06-17 23:57:03,494:INFO:getNextUrl Value: http://www.timeanddate.com/date/dateadded.html?m1=5&d1=28&y1=2015&type=add&ay=&am=&aw=&ad=4082
2015-06-17 23:57:03,497:INFO:Starting new HTTP connection (1): www.timeanddate.com
2015-06-17 23:57:03,669:DEBUG:"GET /date/dateadded.html?m1=5&d1=28&y1=2015&type=add&ay=&am=&aw=&ad=4056 HTTP/1.1" 200 5164
2015-06-17 23:57:03,679:INFO:Starting new HTTP connection (1): www.timeanddate.com
2015-06-17 23:57:03,849:DEBUG:"GET /date/dateadded.html?m1=5&d1=28&y1=2015&type=add&ay=&am=&aw=&ad=4082 HTTP/1.1" 200 5166
2015-06-17 23:57:03,851:DEBUG:ValidateResult: Correct result obtained
2015-06-17 23:57:03,851:INFO:Returning Result : 
First visit is day AFTER : Sunday, July 5 2027
Second visit is day AFTER : Friday, July 31 2027
2015-06-17 23:57:03,851:INFO:Returning Result : 
First visit is day AFTER : Sunday, July 5 2027
Second visit is day AFTER : Friday, July 31 2027
2015-06-17 23:57:03,852:INFO:Returning Result : 
First visit is day AFTER : Sunday, July 5 2027
Second visit is day AFTER : Friday, July 31 2027
2015-06-17 23:57:03,852:INFO:Returning Result : 
First visit is day AFTER : Sunday, July 5 2027
Second visit is day AFTER : Friday, July 31 2027
2015-06-17 23:57:03,852:INFO:Returning Result : 
First visit is day AFTER : Sunday, July 5 2027
Second visit is day AFTER : Friday, July 31 2027
2015-06-17 23:57:03,852:INFO:Returning Result : 
First visit is day AFTER : Sunday, July 5 2027
Second visit is day AFTER : Friday, July 31 2027
2015-06-17 23:57:03,853:INFO:Returning Result : 
First visit is day AFTER : Sunday, July 5 2027
Second visit is day AFTER : Friday, July 31 2027
2015-06-17 23:57:03,853:INFO:Returning Result : 
First visit is day AFTER : Sunday, July 5 2027
Second visit is day AFTER : Friday, July 31 2027
2015-06-17 23:57:03,853:INFO:Returning Result : 
First visit is day AFTER : Sunday, July 5 2027
Second visit is day AFTER : Friday, July 31 2027
2015-06-17 23:57:03,853:INFO:Returning Result : 
First visit is day AFTER : Sunday, July 5 2027
Second visit is day AFTER : Friday, July 31 2027
2015-06-17 23:57:03,853:DEBUG:Got the service Execution result : 
First visit is day AFTER : Sunday, July 5 2027
Second visit is day AFTER : Friday, July 31 2027
2015-06-17 23:57:03,854:DEBUG:
 Python : Done executing Service, replying back with report.
2015-06-17 23:57:03,854:DEBUG:Sending email.
2015-06-17 23:57:07,024:DEBUG:Successfully sent the mail.
2015-06-17 23:57:07,024:DEBUG:Done sending email.
2015-06-17 23:57:07,025:DEBUG:Service trigger flag Disabled. 
2015-06-17 23:57:07,025:DEBUG:Goodbye Master !! 
**** Terminating program ****
